<?xml version="1.0" encoding="UTF-8"?>
<!-- Generated by org.testng.reporters.JUnitXMLReporter -->
<testsuite ignored="0" hostname="DESKTOP-A54I250" failures="0" tests="3" name="Test" time="24.817" errors="0" timestamp="2024-11-10T10:33:07 IST">
  <testcase classname="testcases.LoginTest" name="navigation" time="10.462"/>
  <testcase classname="testcases.LoginTest" name="navigation" time="6.076"/>
  <testcase classname="testcases.LoginTest" name="navigation" time="5.942"/>
</testsuite> <!-- Test -->
