<?xml version="1.0" encoding="UTF-8"?>
<testsuite xmlns:xsi="http://www.w3.org/2001/XMLSchema-instance" xsi:noNamespaceSchemaLocation="https://maven.apache.org/surefire/maven-surefire-plugin/xsd/surefire-test-report.xsd" name="TestSuite" time="28.356" tests="3" errors="0" skipped="0" failures="0">
  <properties>
[...]
</properties>
  <testcase name="navigation" classname="testcases.LoginTest" time="10.845"/>
  <testcase name="navigation" classname="testcases.LoginTest" time="6.544"/>
  <testcase name="navigation" classname="testcases.LoginTest" time="6.451"/>
</testsuite>