<?xml version="1.0" encoding="UTF-8"?>
<testng-results ignored="0" total="1" passed="1" failed="0" skipped="0">
  <reporter-output>
  </reporter-output>
  <suite started-at="2025-04-03T18:08:58 IST" name="Suite" finished-at="2025-04-03T18:09:06 IST" duration-ms="8319">
    <groups>
    </groups>
    <test started-at="2025-04-03T18:08:58 IST" name="Test" finished-at="2025-04-03T18:09:06 IST" duration-ms="8319">
      <class name="testcases.E2ETest">
        <test-method is-config="true" signature="setup()[pri:0, instance:testcases.E2ETest@535779e4]" started-at="2025-04-03T18:08:58 IST" name="setup" finished-at="2025-04-03T18:09:02 IST" duration-ms="4614" status="PASS">
          <reporter-output>
          </reporter-output>
        </test-method> <!-- setup -->
        <test-method signature="completePurchaseTest()[pri:0, instance:testcases.E2ETest@535779e4]" started-at="2025-04-03T18:09:02 IST" name="completePurchaseTest" finished-at="2025-04-03T18:09:06 IST" duration-ms="3633" status="PASS">
          <reporter-output>
          </reporter-output>
        </test-method> <!-- completePurchaseTest -->
      </class> <!-- testcases.E2ETest -->
    </test> <!-- Test -->
  </suite> <!-- Suite -->
</testng-results>
